# JRE version: Java(TM) SE Runtime Environment (8.0_91-b14) (build 1.8.0_91-b14)
# Java VM: Java HotSpot(TM) 64-Bit Server VM (25.91-b14 mixed mode windows-amd64 compressed oops)
Heap:
 PSYoungGen      total 382976K, used 51150K [0x000000076b780000, 0x0000000789f80000, 0x00000007c0000000)
  eden space 366592K, 13% used [0x000000076b780000,0x000000076e9739a0,0x0000000781d80000)
  from space 16384K, 0% used [0x0000000781d80000,0x0000000781d80000,0x0000000782d80000)
  to   space 18432K, 0% used [0x0000000788d80000,0x0000000788d80000,0x0000000789f80000)
 ParOldGen       total 183808K, used 29069K [0x00000006c2600000, 0x00000006cd980000, 0x000000076b780000)
  object space 183808K, 15% used [0x00000006c2600000,0x00000006c42637b8,0x00000006cd980000)
 Metaspace       used 58298K, capacity 60822K, committed 61076K, reserved 1101824K
  class space    used 7857K, capacity 8310K, committed 8340K, reserved 1048576K
GC Heap History (10 events):
Event: 7.803 GC heap before
{Heap before GC invocations=8 (full 1):
 PSYoungGen      total 229888K, used 219321K [0x000000076b780000, 0x000000077c580000, 0x00000007c0000000)
  eden space 222208K, 95% used [0x000000076b780000,0x0000000778651a08,0x0000000779080000)
  from space 7680K, 98% used [0x000000077be00000,0x000000077c55cae8,0x000000077c580000)
  to   space 9216K, 0% used [0x000000077b380000,0x000000077b380000,0x000000077bc80000)
 ParOldGen       total 86528K, used 4951K [0x00000006c2600000, 0x00000006c7a80000, 0x000000076b780000)
  object space 86528K, 5% used [0x00000006c2600000,0x00000006c2ad5de0,0x00000006c7a80000)
 Metaspace       used 33811K, capacity 35306K, committed 35416K, reserved 1079296K
  class space    used 4316K, capacity 4644K, committed 4696K, reserved 1048576K
Event: 7.827 GC heap after
Heap after GC invocations=8 (full 1):
 PSYoungGen      total 267264K, used 9197K [0x000000076b780000, 0x0000000783b00000, 0x00000007c0000000)
  eden space 258048K, 0% used [0x000000076b780000,0x000000076b780000,0x000000077b380000)
  from space 9216K, 99% used [0x000000077b380000,0x000000077bc7b7d8,0x000000077bc80000)
  to   space 13824K, 0% used [0x0000000782d80000,0x0000000782d80000,0x0000000783b00000)
 ParOldGen       total 86528K, used 11853K [0x00000006c2600000, 0x00000006c7a80000, 0x000000076b780000)
  object space 86528K, 13% used [0x00000006c2600000,0x00000006c31935b8,0x00000006c7a80000)
 Metaspace       used 33811K, capacity 35306K, committed 35416K, reserved 1079296K
  class space    used 4316K, capacity 4644K, committed 4696K, reserved 1048576K
}
Event: 7.827 GC heap before
{Heap before GC invocations=9 (full 2):
 PSYoungGen      total 267264K, used 9197K [0x000000076b780000, 0x0000000783b00000, 0x00000007c0000000)
  eden space 258048K, 0% used [0x000000076b780000,0x000000076b780000,0x000000077b380000)
  from space 9216K, 99% used [0x000000077b380000,0x000000077bc7b7d8,0x000000077bc80000)
  to   space 13824K, 0% used [0x0000000782d80000,0x0000000782d80000,0x0000000783b00000)
 ParOldGen       total 86528K, used 11853K [0x00000006c2600000, 0x00000006c7a80000, 0x000000076b780000)
  object space 86528K, 13% used [0x00000006c2600000,0x00000006c31935b8,0x00000006c7a80000)
 Metaspace       used 33811K, capacity 35306K, committed 35416K, reserved 1079296K
  class space    used 4316K, capacity 4644K, committed 4696K, reserved 1048576K
Event: 7.963 GC heap after
Heap after GC invocations=9 (full 2):
 PSYoungGen      total 267264K, used 0K [0x000000076b780000, 0x0000000783b00000, 0x00000007c0000000)
  eden space 258048K, 0% used [0x000000076b780000,0x000000076b780000,0x000000077b380000)
  from space 9216K, 0% used [0x000000077b380000,0x000000077b380000,0x000000077bc80000)
  to   space 13824K, 0% used [0x0000000782d80000,0x0000000782d80000,0x0000000783b00000)
 ParOldGen       total 141312K, used 20122K [0x00000006c2600000, 0x00000006cb000000, 0x000000076b780000)
  object space 141312K, 14% used [0x00000006c2600000,0x00000006c39a6ae0,0x00000006cb000000)
 Metaspace       used 33811K, capacity 35306K, committed 35416K, reserved 1079296K
  class space    used 4316K, capacity 4644K, committed 4696K, reserved 1048576K
}
Event: 10.938 GC heap before
{Heap before GC invocations=10 (full 2):
 PSYoungGen      total 267264K, used 258048K [0x000000076b780000, 0x0000000783b00000, 0x00000007c0000000)
  eden space 258048K, 100% used [0x000000076b780000,0x000000077b380000,0x000000077b380000)
  from space 9216K, 0% used [0x000000077b380000,0x000000077b380000,0x000000077bc80000)
  to   space 13824K, 0% used [0x0000000782d80000,0x0000000782d80000,0x0000000783b00000)
 ParOldGen       total 141312K, used 20122K [0x00000006c2600000, 0x00000006cb000000, 0x000000076b780000)
  object space 141312K, 14% used [0x00000006c2600000,0x00000006c39a6ae0,0x00000006cb000000)
 Metaspace       used 46840K, capacity 48600K, committed 48856K, reserved 1091584K
  class space    used 6152K, capacity 6529K, committed 6616K, reserved 1048576K
Event: 10.957 GC heap after
Heap after GC invocations=10 (full 2):
 PSYoungGen      total 380416K, used 13793K [0x000000076b780000, 0x0000000785380000, 0x00000007c0000000)
  eden space 366592K, 0% used [0x000000076b780000,0x000000076b780000,0x0000000781d80000)
  from space 13824K, 99% used [0x0000000782d80000,0x0000000783af85e0,0x0000000783b00000)
  to   space 16384K, 0% used [0x0000000781d80000,0x0000000781d80000,0x0000000782d80000)
 ParOldGen       total 141312K, used 21287K [0x00000006c2600000, 0x00000006cb000000, 0x000000076b780000)
  object space 141312K, 15% used [0x00000006c2600000,0x00000006c3ac9d38,0x00000006cb000000)
 Metaspace       used 46840K, capacity 48600K, committed 48856K, reserved 1091584K
  class space    used 6152K, capacity 6529K, committed 6616K, reserved 1048576K
}
Event: 114.246 GC heap before
{Heap before GC invocations=11 (full 2):
 PSYoungGen      total 380416K, used 286887K [0x000000076b780000, 0x0000000785380000, 0x00000007c0000000)
  eden space 366592K, 74% used [0x000000076b780000,0x000000077c231958,0x0000000781d80000)
  from space 13824K, 99% used [0x0000000782d80000,0x0000000783af85e0,0x0000000783b00000)
  to   space 16384K, 0% used [0x0000000781d80000,0x0000000781d80000,0x0000000782d80000)
 ParOldGen       total 141312K, used 21287K [0x00000006c2600000, 0x00000006cb000000, 0x000000076b780000)
  object space 141312K, 15% used [0x00000006c2600000,0x00000006c3ac9d38,0x00000006cb000000)
 Metaspace       used 56470K, capacity 58942K, committed 59028K, reserved 1099776K
  class space    used 7595K, capacity 8034K, committed 8084K, reserved 1048576K
Event: 114.266 GC heap after
Heap after GC invocations=11 (full 2):
 PSYoungGen      total 382976K, used 15986K [0x000000076b780000, 0x0000000789f80000, 0x00000007c0000000)
  eden space 366592K, 0% used [0x000000076b780000,0x000000076b780000,0x0000000781d80000)
  from space 16384K, 97% used [0x0000000781d80000,0x0000000782d1cba0,0x0000000782d80000)
  to   space 18432K, 0% used [0x0000000788d80000,0x0000000788d80000,0x0000000789f80000)
 ParOldGen       total 141312K, used 21295K [0x00000006c2600000, 0x00000006cb000000, 0x000000076b780000)
  object space 141312K, 15% used [0x00000006c2600000,0x00000006c3acbd38,0x00000006cb000000)
 Metaspace       used 56470K, capacity 58942K, committed 59028K, reserved 1099776K
  class space    used 7595K, capacity 8034K, committed 8084K, reserved 1048576K
}
Event: 114.266 GC heap before
{Heap before GC invocations=12 (full 3):
 PSYoungGen      total 382976K, used 15986K [0x000000076b780000, 0x0000000789f80000, 0x00000007c0000000)
  eden space 366592K, 0% used [0x000000076b780000,0x000000076b780000,0x0000000781d80000)
  from space 16384K, 97% used [0x0000000781d80000,0x0000000782d1cba0,0x0000000782d80000)
  to   space 18432K, 0% used [0x0000000788d80000,0x0000000788d80000,0x0000000789f80000)
 ParOldGen       total 141312K, used 21295K [0x00000006c2600000, 0x00000006cb000000, 0x000000076b780000)
  object space 141312K, 15% used [0x00000006c2600000,0x00000006c3acbd38,0x00000006cb000000)
 Metaspace       used 56470K, capacity 58942K, committed 59028K, reserved 1099776K
  class space    used 7595K, capacity 8034K, committed 8084K, reserved 1048576K
Event: 114.416 GC heap after
Heap after GC invocations=12 (full 3):
 PSYoungGen      total 382976K, used 0K [0x000000076b780000, 0x0000000789f80000, 0x00000007c0000000)
  eden space 366592K, 0% used [0x000000076b780000,0x000000076b780000,0x0000000781d80000)
  from space 16384K, 0% used [0x0000000781d80000,0x0000000781d80000,0x0000000782d80000)
  to   space 18432K, 0% used [0x0000000788d80000,0x0000000788d80000,0x0000000789f80000)
 ParOldGen       total 183808K, used 29069K [0x00000006c2600000, 0x00000006cd980000, 0x000000076b780000)
  object space 183808K, 15% used [0x00000006c2600000,0x00000006c42637b8,0x00000006cd980000)
 Metaspace       used 56466K, capacity 58936K, committed 59028K, reserved 1099776K
  class space    used 7594K, capacity 8033K, committed 8084K, reserved 1048576K
}

