# JRE version: Java(TM) SE Runtime Environment (8.0_91-b14) (build 1.8.0_91-b14)
# Java VM: Java HotSpot(TM) 64-Bit Server VM (25.91-b14 mixed mode windows-amd64 compressed oops)
Heap:
 PSYoungGen      total 490496K, used 175969K [0x000000076b780000, 0x000000078b880000, 0x00000007c0000000)
  eden space 472064K, 37% used [0x000000076b780000,0x0000000776358520,0x0000000788480000)
  from space 18432K, 0% used [0x0000000789680000,0x0000000789680000,0x000000078a880000)
  to   space 18432K, 0% used [0x0000000788480000,0x0000000788480000,0x0000000789680000)
 ParOldGen       total 179200K, used 24034K [0x00000006c2600000, 0x00000006cd500000, 0x000000076b780000)
  object space 179200K, 13% used [0x00000006c2600000,0x00000006c3d78850,0x00000006cd500000)
 Metaspace       used 59174K, capacity 61896K, committed 62228K, reserved 1103872K
  class space    used 7903K, capacity 8376K, committed 8468K, reserved 1048576K
GC Heap History (10 events):
Event: 9.853 GC heap before
{Heap before GC invocations=10 (full 2):
 PSYoungGen      total 267264K, used 258048K [0x000000076b780000, 0x0000000783d80000, 0x00000007c0000000)
  eden space 258048K, 100% used [0x000000076b780000,0x000000077b380000,0x000000077b380000)
  from space 9216K, 0% used [0x000000077b380000,0x000000077b380000,0x000000077bc80000)
  to   space 13824K, 0% used [0x0000000783000000,0x0000000783000000,0x0000000783d80000)
 ParOldGen       total 138240K, used 20030K [0x00000006c2600000, 0x00000006cad00000, 0x000000076b780000)
  object space 138240K, 14% used [0x00000006c2600000,0x00000006c398f9c0,0x00000006cad00000)
 Metaspace       used 47196K, capacity 48956K, committed 49368K, reserved 1091584K
  class space    used 6183K, capacity 6561K, committed 6616K, reserved 1048576K
Event: 9.865 GC heap after
Heap after GC invocations=10 (full 2):
 PSYoungGen      total 383488K, used 13805K [0x000000076b780000, 0x0000000785800000, 0x00000007c0000000)
  eden space 369664K, 0% used [0x000000076b780000,0x000000076b780000,0x0000000782080000)
  from space 13824K, 99% used [0x0000000783000000,0x0000000783d7b698,0x0000000783d80000)
  to   space 15872K, 0% used [0x0000000782080000,0x0000000782080000,0x0000000783000000)
 ParOldGen       total 138240K, used 20981K [0x00000006c2600000, 0x00000006cad00000, 0x000000076b780000)
  object space 138240K, 15% used [0x00000006c2600000,0x00000006c3a7d728,0x00000006cad00000)
 Metaspace       used 47196K, capacity 48956K, committed 49368K, reserved 1091584K
  class space    used 6183K, capacity 6561K, committed 6616K, reserved 1048576K
}
Event: 37.625 GC heap before
{Heap before GC invocations=11 (full 2):
 PSYoungGen      total 383488K, used 276475K [0x000000076b780000, 0x0000000785800000, 0x00000007c0000000)
  eden space 369664K, 71% used [0x000000076b780000,0x000000077b8037e8,0x0000000782080000)
  from space 13824K, 99% used [0x0000000783000000,0x0000000783d7b698,0x0000000783d80000)
  to   space 15872K, 0% used [0x0000000782080000,0x0000000782080000,0x0000000783000000)
 ParOldGen       total 138240K, used 20981K [0x00000006c2600000, 0x00000006cad00000, 0x000000076b780000)
  object space 138240K, 15% used [0x00000006c2600000,0x00000006c3a7d728,0x00000006cad00000)
 Metaspace       used 56519K, capacity 58946K, committed 59028K, reserved 1099776K
  class space    used 7603K, capacity 8034K, committed 8084K, reserved 1048576K
Event: 37.640 GC heap after
Heap after GC invocations=11 (full 2):
 PSYoungGen      total 385536K, used 15849K [0x000000076b780000, 0x000000078a880000, 0x00000007c0000000)
  eden space 369664K, 0% used [0x000000076b780000,0x000000076b780000,0x0000000782080000)
  from space 15872K, 99% used [0x0000000782080000,0x0000000782ffa788,0x0000000783000000)
  to   space 18432K, 0% used [0x0000000789680000,0x0000000789680000,0x000000078a880000)
 ParOldGen       total 138240K, used 21152K [0x00000006c2600000, 0x00000006cad00000, 0x000000076b780000)
  object space 138240K, 15% used [0x00000006c2600000,0x00000006c3aa8330,0x00000006cad00000)
 Metaspace       used 56519K, capacity 58946K, committed 59028K, reserved 1099776K
  class space    used 7603K, capacity 8034K, committed 8084K, reserved 1048576K
}
Event: 37.640 GC heap before
{Heap before GC invocations=12 (full 3):
 PSYoungGen      total 385536K, used 15849K [0x000000076b780000, 0x000000078a880000, 0x00000007c0000000)
  eden space 369664K, 0% used [0x000000076b780000,0x000000076b780000,0x0000000782080000)
  from space 15872K, 99% used [0x0000000782080000,0x0000000782ffa788,0x0000000783000000)
  to   space 18432K, 0% used [0x0000000789680000,0x0000000789680000,0x000000078a880000)
 ParOldGen       total 138240K, used 21152K [0x00000006c2600000, 0x00000006cad00000, 0x000000076b780000)
  object space 138240K, 15% used [0x00000006c2600000,0x00000006c3aa8330,0x00000006cad00000)
 Metaspace       used 56519K, capacity 58946K, committed 59028K, reserved 1099776K
  class space    used 7603K, capacity 8034K, committed 8084K, reserved 1048576K
Event: 37.760 GC heap after
Heap after GC invocations=12 (full 3):
 PSYoungGen      total 385536K, used 0K [0x000000076b780000, 0x000000078a880000, 0x00000007c0000000)
  eden space 369664K, 0% used [0x000000076b780000,0x000000076b780000,0x0000000782080000)
  from space 15872K, 0% used [0x0000000782080000,0x0000000782080000,0x0000000783000000)
  to   space 18432K, 0% used [0x0000000789680000,0x0000000789680000,0x000000078a880000)
 ParOldGen       total 179200K, used 29054K [0x00000006c2600000, 0x00000006cd500000, 0x000000076b780000)
  object space 179200K, 16% used [0x00000006c2600000,0x00000006c425f9d0,0x00000006cd500000)
 Metaspace       used 56515K, capacity 58940K, committed 59028K, reserved 1099776K
  class space    used 7602K, capacity 8033K, committed 8084K, reserved 1048576K
}
Event: 207.652 GC heap before
{Heap before GC invocations=13 (full 3):
 PSYoungGen      total 385536K, used 86143K [0x000000076b780000, 0x000000078a880000, 0x00000007c0000000)
  eden space 369664K, 23% used [0x000000076b780000,0x0000000770b9ffc0,0x0000000782080000)
  from space 15872K, 0% used [0x0000000782080000,0x0000000782080000,0x0000000783000000)
  to   space 18432K, 0% used [0x0000000789680000,0x0000000789680000,0x000000078a880000)
 ParOldGen       total 179200K, used 29054K [0x00000006c2600000, 0x00000006cd500000, 0x000000076b780000)
  object space 179200K, 16% used [0x00000006c2600000,0x00000006c425f9d0,0x00000006cd500000)
 Metaspace       used 58358K, capacity 60864K, committed 61076K, reserved 1101824K
  class space    used 7863K, capacity 8318K, committed 8340K, reserved 1048576K
Event: 207.663 GC heap after
Heap after GC invocations=13 (full 3):
 PSYoungGen      total 490496K, used 2199K [0x000000076b780000, 0x000000078b880000, 0x00000007c0000000)
  eden space 472064K, 0% used [0x000000076b780000,0x000000076b780000,0x0000000788480000)
  from space 18432K, 11% used [0x0000000789680000,0x00000007898a5cd8,0x000000078a880000)
  to   space 18432K, 0% used [0x0000000788480000,0x0000000788480000,0x0000000789680000)
 ParOldGen       total 179200K, used 29062K [0x00000006c2600000, 0x00000006cd500000, 0x000000076b780000)
  object space 179200K, 16% used [0x00000006c2600000,0x00000006c42619d0,0x00000006cd500000)
 Metaspace       used 58358K, capacity 60864K, committed 61076K, reserved 1101824K
  class space    used 7863K, capacity 8318K, committed 8340K, reserved 1048576K
}
Event: 207.663 GC heap before
{Heap before GC invocations=14 (full 4):
 PSYoungGen      total 490496K, used 2199K [0x000000076b780000, 0x000000078b880000, 0x00000007c0000000)
  eden space 472064K, 0% used [0x000000076b780000,0x000000076b780000,0x0000000788480000)
  from space 18432K, 11% used [0x0000000789680000,0x00000007898a5cd8,0x000000078a880000)
  to   space 18432K, 0% used [0x0000000788480000,0x0000000788480000,0x0000000789680000)
 ParOldGen       total 179200K, used 29062K [0x00000006c2600000, 0x00000006cd500000, 0x000000076b780000)
  object space 179200K, 16% used [0x00000006c2600000,0x00000006c42619d0,0x00000006cd500000)
 Metaspace       used 58358K, capacity 60864K, committed 61076K, reserved 1101824K
  class space    used 7863K, capacity 8318K, committed 8340K, reserved 1048576K
Event: 207.932 GC heap after
Heap after GC invocations=14 (full 4):
 PSYoungGen      total 490496K, used 0K [0x000000076b780000, 0x000000078b880000, 0x00000007c0000000)
  eden space 472064K, 0% used [0x000000076b780000,0x000000076b780000,0x0000000788480000)
  from space 18432K, 0% used [0x0000000789680000,0x0000000789680000,0x000000078a880000)
  to   space 18432K, 0% used [0x0000000788480000,0x0000000788480000,0x0000000789680000)
 ParOldGen       total 179200K, used 24034K [0x00000006c2600000, 0x00000006cd500000, 0x000000076b780000)
  object space 179200K, 13% used [0x00000006c2600000,0x00000006c3d78850,0x00000006cd500000)
 Metaspace       used 58358K, capacity 60864K, committed 61076K, reserved 1101824K
  class space    used 7863K, capacity 8318K, committed 8340K, reserved 1048576K
}

