# JRE version: Java(TM) SE Runtime Environment (8.0_91-b14) (build 1.8.0_91-b14)
# Java VM: Java HotSpot(TM) 64-Bit Server VM (25.91-b14 mixed mode windows-amd64 compressed oops)
Heap:
 PSYoungGen      total 366592K, used 55068K [0x000000076b780000, 0x0000000788c00000, 0x00000007c0000000)
  eden space 350208K, 15% used [0x000000076b780000,0x000000076ed472e0,0x0000000780d80000)
  from space 16384K, 0% used [0x0000000780d80000,0x0000000780d80000,0x0000000781d80000)
  to   space 18432K, 0% used [0x0000000787a00000,0x0000000787a00000,0x0000000788c00000)
 ParOldGen       total 187392K, used 29150K [0x00000006c2600000, 0x00000006cdd00000, 0x000000076b780000)
  object space 187392K, 15% used [0x00000006c2600000,0x00000006c42778c0,0x00000006cdd00000)
 Metaspace       used 57931K, capacity 60436K, committed 60544K, reserved 1101824K
  class space    used 7803K, capacity 8267K, committed 8320K, reserved 1048576K
GC Heap History (10 events):
Event: 6.997 GC heap before
{Heap before GC invocations=8 (full 1):
 PSYoungGen      total 225280K, used 219447K [0x000000076b780000, 0x000000077c580000, 0x00000007c0000000)
  eden space 217600K, 97% used [0x000000076b780000,0x0000000778682b28,0x0000000778c00000)
  from space 7680K, 97% used [0x000000077be00000,0x000000077c54b0e0,0x000000077c580000)
  to   space 9216K, 0% used [0x000000077b380000,0x000000077b380000,0x000000077bc80000)
 ParOldGen       total 88064K, used 4880K [0x00000006c2600000, 0x00000006c7c00000, 0x000000076b780000)
  object space 88064K, 5% used [0x00000006c2600000,0x00000006c2ac42f0,0x00000006c7c00000)
 Metaspace       used 33821K, capacity 35306K, committed 35456K, reserved 1079296K
  class space    used 4321K, capacity 4644K, committed 4736K, reserved 1048576K
Event: 7.015 GC heap after
Heap after GC invocations=8 (full 1):
 PSYoungGen      total 267264K, used 9188K [0x000000076b780000, 0x0000000782b00000, 0x00000007c0000000)
  eden space 258048K, 0% used [0x000000076b780000,0x000000076b780000,0x000000077b380000)
  from space 9216K, 99% used [0x000000077b380000,0x000000077bc79018,0x000000077bc80000)
  to   space 13824K, 0% used [0x0000000781d80000,0x0000000781d80000,0x0000000782b00000)
 ParOldGen       total 88064K, used 11870K [0x00000006c2600000, 0x00000006c7c00000, 0x000000076b780000)
  object space 88064K, 13% used [0x00000006c2600000,0x00000006c31978e8,0x00000006c7c00000)
 Metaspace       used 33821K, capacity 35306K, committed 35456K, reserved 1079296K
  class space    used 4321K, capacity 4644K, committed 4736K, reserved 1048576K
}
Event: 7.015 GC heap before
{Heap before GC invocations=9 (full 2):
 PSYoungGen      total 267264K, used 9188K [0x000000076b780000, 0x0000000782b00000, 0x00000007c0000000)
  eden space 258048K, 0% used [0x000000076b780000,0x000000076b780000,0x000000077b380000)
  from space 9216K, 99% used [0x000000077b380000,0x000000077bc79018,0x000000077bc80000)
  to   space 13824K, 0% used [0x0000000781d80000,0x0000000781d80000,0x0000000782b00000)
 ParOldGen       total 88064K, used 11870K [0x00000006c2600000, 0x00000006c7c00000, 0x000000076b780000)
  object space 88064K, 13% used [0x00000006c2600000,0x00000006c31978e8,0x00000006c7c00000)
 Metaspace       used 33821K, capacity 35306K, committed 35456K, reserved 1079296K
  class space    used 4321K, capacity 4644K, committed 4736K, reserved 1048576K
Event: 7.135 GC heap after
Heap after GC invocations=9 (full 2):
 PSYoungGen      total 267264K, used 0K [0x000000076b780000, 0x0000000782b00000, 0x00000007c0000000)
  eden space 258048K, 0% used [0x000000076b780000,0x000000076b780000,0x000000077b380000)
  from space 9216K, 0% used [0x000000077b380000,0x000000077b380000,0x000000077bc80000)
  to   space 13824K, 0% used [0x0000000781d80000,0x0000000781d80000,0x0000000782b00000)
 ParOldGen       total 143360K, used 20145K [0x00000006c2600000, 0x00000006cb200000, 0x000000076b780000)
  object space 143360K, 14% used [0x00000006c2600000,0x00000006c39ac558,0x00000006cb200000)
 Metaspace       used 33821K, capacity 35306K, committed 35456K, reserved 1079296K
  class space    used 4321K, capacity 4644K, committed 4736K, reserved 1048576K
}
Event: 9.887 GC heap before
{Heap before GC invocations=10 (full 2):
 PSYoungGen      total 267264K, used 258048K [0x000000076b780000, 0x0000000782b00000, 0x00000007c0000000)
  eden space 258048K, 100% used [0x000000076b780000,0x000000077b380000,0x000000077b380000)
  from space 9216K, 0% used [0x000000077b380000,0x000000077b380000,0x000000077bc80000)
  to   space 13824K, 0% used [0x0000000781d80000,0x0000000781d80000,0x0000000782b00000)
 ParOldGen       total 143360K, used 20145K [0x00000006c2600000, 0x00000006cb200000, 0x000000076b780000)
  object space 143360K, 14% used [0x00000006c2600000,0x00000006c39ac558,0x00000006cb200000)
 Metaspace       used 47075K, capacity 48860K, committed 49152K, reserved 1091584K
  class space    used 6169K, capacity 6529K, committed 6656K, reserved 1048576K
Event: 9.906 GC heap after
Heap after GC invocations=10 (full 2):
 PSYoungGen      total 364032K, used 13811K [0x000000076b780000, 0x0000000785380000, 0x00000007c0000000)
  eden space 350208K, 0% used [0x000000076b780000,0x000000076b780000,0x0000000780d80000)
  from space 13824K, 99% used [0x0000000781d80000,0x0000000782afcf20,0x0000000782b00000)
  to   space 16384K, 0% used [0x0000000780d80000,0x0000000780d80000,0x0000000781d80000)
 ParOldGen       total 143360K, used 20879K [0x00000006c2600000, 0x00000006cb200000, 0x000000076b780000)
  object space 143360K, 14% used [0x00000006c2600000,0x00000006c3a63fb0,0x00000006cb200000)
 Metaspace       used 47075K, capacity 48860K, committed 49152K, reserved 1091584K
  class space    used 6169K, capacity 6529K, committed 6656K, reserved 1048576K
}
Event: 31.526 GC heap before
{Heap before GC invocations=11 (full 2):
 PSYoungGen      total 364032K, used 278481K [0x000000076b780000, 0x0000000785380000, 0x00000007c0000000)
  eden space 350208K, 75% used [0x000000076b780000,0x000000077b9f7670,0x0000000780d80000)
  from space 13824K, 99% used [0x0000000781d80000,0x0000000782afcf20,0x0000000782b00000)
  to   space 16384K, 0% used [0x0000000780d80000,0x0000000780d80000,0x0000000781d80000)
 ParOldGen       total 143360K, used 20879K [0x00000006c2600000, 0x00000006cb200000, 0x000000076b780000)
  object space 143360K, 14% used [0x00000006c2600000,0x00000006c3a63fb0,0x00000006cb200000)
 Metaspace       used 56595K, capacity 59010K, committed 59096K, reserved 1099776K
  class space    used 7612K, capacity 8034K, committed 8064K, reserved 1048576K
Event: 31.547 GC heap after
Heap after GC invocations=11 (full 2):
 PSYoungGen      total 366592K, used 16057K [0x000000076b780000, 0x0000000788c00000, 0x00000007c0000000)
  eden space 350208K, 0% used [0x000000076b780000,0x000000076b780000,0x0000000780d80000)
  from space 16384K, 98% used [0x0000000780d80000,0x0000000781d2e4b0,0x0000000781d80000)
  to   space 18432K, 0% used [0x0000000787a00000,0x0000000787a00000,0x0000000788c00000)
 ParOldGen       total 143360K, used 20887K [0x00000006c2600000, 0x00000006cb200000, 0x000000076b780000)
  object space 143360K, 14% used [0x00000006c2600000,0x00000006c3a65fb0,0x00000006cb200000)
 Metaspace       used 56595K, capacity 59010K, committed 59096K, reserved 1099776K
  class space    used 7612K, capacity 8034K, committed 8064K, reserved 1048576K
}
Event: 31.547 GC heap before
{Heap before GC invocations=12 (full 3):
 PSYoungGen      total 366592K, used 16057K [0x000000076b780000, 0x0000000788c00000, 0x00000007c0000000)
  eden space 350208K, 0% used [0x000000076b780000,0x000000076b780000,0x0000000780d80000)
  from space 16384K, 98% used [0x0000000780d80000,0x0000000781d2e4b0,0x0000000781d80000)
  to   space 18432K, 0% used [0x0000000787a00000,0x0000000787a00000,0x0000000788c00000)
 ParOldGen       total 143360K, used 20887K [0x00000006c2600000, 0x00000006cb200000, 0x000000076b780000)
  object space 143360K, 14% used [0x00000006c2600000,0x00000006c3a65fb0,0x00000006cb200000)
 Metaspace       used 56595K, capacity 59010K, committed 59096K, reserved 1099776K
  class space    used 7612K, capacity 8034K, committed 8064K, reserved 1048576K
Event: 31.701 GC heap after
Heap after GC invocations=12 (full 3):
 PSYoungGen      total 366592K, used 0K [0x000000076b780000, 0x0000000788c00000, 0x00000007c0000000)
  eden space 350208K, 0% used [0x000000076b780000,0x000000076b780000,0x0000000780d80000)
  from space 16384K, 0% used [0x0000000780d80000,0x0000000780d80000,0x0000000781d80000)
  to   space 18432K, 0% used [0x0000000787a00000,0x0000000787a00000,0x0000000788c00000)
 ParOldGen       total 187392K, used 29150K [0x00000006c2600000, 0x00000006cdd00000, 0x000000076b780000)
  object space 187392K, 15% used [0x00000006c2600000,0x00000006c42778c0,0x00000006cdd00000)
 Metaspace       used 56591K, capacity 59004K, committed 59096K, reserved 1099776K
  class space    used 7611K, capacity 8033K, committed 8064K, reserved 1048576K
}

